<?xml version="1.0" encoding="UTF-8"?>
<!-- Generated by org.testng.reporters.JUnitReportReporter -->
<testsuite skipped="0" hostname="DESKTOP-T9KNTH0" name="com.learnautomation.tests.LoginTestCRM" tests="1" failures="0" timestamp="18 May 2021 12:31:20 GMT" time="3.664" errors="0">
  <testcase name="loginApp" time="3.664" classname="com.learnautomation.tests.LoginTestCRM"/>
</testsuite> <!-- com.learnautomation.tests.LoginTestCRM -->
